[2025-04-04 05:24:03] Exceção: Unknown database 'eskort_db' em C:\xampp\htdocs\eskort\Site\config.php:12 | IP: ::1 | User: N/A
[2025-04-04 05:24:34] Exceção: Unknown database 'eskort_db' em C:\xampp\htdocs\eskort\Site\config.php:12 | IP: ::1 | User: admin
[2025-04-04 05:24:38] Exceção: Unknown database 'eskort_db' em C:\xampp\htdocs\eskort\Site\config.php:12 | IP: ::1 | User: admin
[2025-04-04 05:24:42] Exceção: Unknown database 'eskort_db' em C:\xampp\htdocs\eskort\Site\config.php:12 | IP: ::1 | User: admin
[2025-04-04 05:24:43] Exceção: Unknown database 'eskort_db' em C:\xampp\htdocs\eskort\Site\config.php:12 | IP: ::1 | User: admin
[2025-04-04 05:24:46] Exceção: Unknown database 'eskort_db' em C:\xampp\htdocs\eskort\Site\config.php:12 | IP: ::1 | User: admin
[2025-04-04 05:25:21] Exceção: Unknown database 'eskort_db' em C:\xampp\htdocs\eskort\Site\config.php:12 | IP: ::1 | User: admin
[2025-04-04 05:25:21] Exceção: Unknown database 'eskort_db' em C:\xampp\htdocs\eskort\Site\config.php:12 | IP: ::1 | User: admin
[2025-04-04 05:25:21] Exceção: Unknown database 'eskort_db' em C:\xampp\htdocs\eskort\Site\config.php:12 | IP: ::1 | User: admin
[2025-04-04 05:25:22] Exceção: Unknown database 'eskort_db' em C:\xampp\htdocs\eskort\Site\config.php:12 | IP: ::1 | User: admin
[2025-04-04 05:25:24] Exceção: Unknown database 'eskort_db' em C:\xampp\htdocs\eskort\Site\config.php:12 | IP: ::1 | User: admin
[2025-04-04 05:26:32] Exceção: Unknown database 'eskort_db' em C:\xampp\htdocs\eskort\Site\config.php:12 | IP: ::1 | User: admin
[2025-04-04 05:27:02] Exceção: Unknown database 'eskort_db' em C:\xampp\htdocs\eskort\Site\config.php:12 | IP: ::1 | User: admin
[2025-04-04 05:28:54] Exceção: Unknown database 'eskort_db' em C:\xampp\htdocs\eskort\Site\config.php:12 | IP: ::1 | User: admin
[2025-04-04 05:28:56] Exceção: Unknown database 'eskort_db' em C:\xampp\htdocs\eskort\Site\config.php:12 | IP: ::1 | User: admin
[2025-04-04 05:29:00] Exceção: Unknown database 'eskort_db' em C:\xampp\htdocs\eskort\Site\config.php:12 | IP: ::1 | User: admin
[2025-04-04 05:29:01] Exceção: Unknown database 'eskort_db' em C:\xampp\htdocs\eskort\Site\config.php:12 | IP: ::1 | User: N/A
[2025-04-04 05:29:02] Exceção: Unknown database 'eskort_db' em C:\xampp\htdocs\eskort\Site\config.php:12 | IP: ::1 | User: N/A
[2025-04-04 05:30:42] Exceção: Unknown database 'eskort_db' em C:\xampp\htdocs\eskort\Site\config.php:12 | IP: ::1 | User: N/A
[2025-04-04 05:30:43] Exceção: Unknown database 'eskort_db' em C:\xampp\htdocs\eskort\Site\config.php:12 | IP: ::1 | User: N/A
[2025-04-04 05:30:51] Exceção: Unknown database 'eskort_db' em C:\xampp\htdocs\eskort\Site\config.php:12 | IP: ::1 | User: admin
[2025-04-04 05:30:52] Exceção: Unknown database 'eskort_db' em C:\xampp\htdocs\eskort\Site\config.php:12 | IP: ::1 | User: admin
[2025-04-04 05:35:05] Exceção: Unknown database 'eskort_db' em C:\xampp\htdocs\eskort\Site\config.php:12 | IP: ::1 | User: admin
[2025-04-04 05:35:08] Exceção: Unknown database 'eskort_db' em C:\xampp\htdocs\eskort\Site\config.php:12 | IP: ::1 | User: admin
[2025-04-04 05:35:09] Exceção: Unknown database 'eskort_db' em C:\xampp\htdocs\eskort\Site\config.php:12 | IP: ::1 | User: admin
[2025-04-04 05:35:09] Exceção: Unknown database 'eskort_db' em C:\xampp\htdocs\eskort\Site\config.php:12 | IP: ::1 | User: admin
[2025-04-04 05:35:10] Exceção: Unknown database 'eskort_db' em C:\xampp\htdocs\eskort\Site\config.php:12 | IP: ::1 | User: admin
[2025-04-04 05:35:16] Exceção: Unknown database 'eskort_db' em C:\xampp\htdocs\eskort\Site\config.php:12 | IP: ::1 | User: admin
[2025-04-04 05:35:20] Exceção: Unknown database 'eskort_db' em C:\xampp\htdocs\eskort\Site\config.php:12 | IP: ::1 | User: admin
[2025-04-04 05:35:22] Exceção: Unknown database 'eskort_db' em C:\xampp\htdocs\eskort\Site\config.php:12 | IP: ::1 | User: admin
[2025-04-04 05:35:29] Exceção: Unknown database 'eskort_db' em C:\xampp\htdocs\eskort\Site\config.php:12 | IP: ::1 | User: admin
[2025-04-04 05:44:30] Exceção: Unknown database 'eskort_db' em C:\xampp\htdocs\eskort\Site\config.php:12 | IP: ::1 | User: admin
[2025-04-04 05:44:30] Exceção: Unknown database 'eskort_db' em C:\xampp\htdocs\eskort\Site\config.php:12 | IP: ::1 | User: admin
[2025-04-04 05:44:31] Exceção: Unknown database 'eskort_db' em C:\xampp\htdocs\eskort\Site\config.php:12 | IP: ::1 | User: admin
[2025-04-04 05:46:49] Exceção: Unknown database 'eskort_db' em C:\xampp\htdocs\eskort\Site\config.php:12 | IP: ::1 | User: admin
[2025-04-04 05:46:50] Exceção: Unknown database 'eskort_db' em C:\xampp\htdocs\eskort\Site\config.php:12 | IP: ::1 | User: admin
[2025-04-04 05:46:51] Exceção: Unknown database 'eskort_db' em C:\xampp\htdocs\eskort\Site\config.php:12 | IP: ::1 | User: admin
[2025-04-04 05:46:51] Exceção: Unknown database 'eskort_db' em C:\xampp\htdocs\eskort\Site\config.php:12 | IP: ::1 | User: admin
[2025-04-04 05:46:52] Exceção: Unknown database 'eskort_db' em C:\xampp\htdocs\eskort\Site\config.php:12 | IP: ::1 | User: admin
[2025-04-04 05:46:53] Exceção: Unknown database 'eskort_db' em C:\xampp\htdocs\eskort\Site\config.php:12 | IP: ::1 | User: admin
[2025-04-04 05:46:54] Exceção: Unknown database 'eskort_db' em C:\xampp\htdocs\eskort\Site\config.php:12 | IP: ::1 | User: admin
[2025-04-04 05:46:54] Exceção: Unknown database 'eskort_db' em C:\xampp\htdocs\eskort\Site\config.php:12 | IP: ::1 | User: admin
[2025-04-04 05:48:35] Erro PHP [8192]: htmlspecialchars(): Passing null to parameter #1 ($string) of type string is deprecated em C:\xampp\htdocs\eskort\Site\index.php:190 | IP: ::1 | User: admin
[2025-04-04 05:48:35] Erro PHP [8192]: htmlspecialchars(): Passing null to parameter #1 ($string) of type string is deprecated em C:\xampp\htdocs\eskort\Site\index.php:190 | IP: ::1 | User: admin
[2025-04-04 05:48:35] Erro PHP [8192]: htmlspecialchars(): Passing null to parameter #1 ($string) of type string is deprecated em C:\xampp\htdocs\eskort\Site\index.php:190 | IP: ::1 | User: admin
[2025-04-04 05:48:35] Erro PHP [8192]: htmlspecialchars(): Passing null to parameter #1 ($string) of type string is deprecated em C:\xampp\htdocs\eskort\Site\index.php:190 | IP: ::1 | User: admin
[2025-04-04 05:48:35] Erro PHP [8192]: htmlspecialchars(): Passing null to parameter #1 ($string) of type string is deprecated em C:\xampp\htdocs\eskort\Site\index.php:190 | IP: ::1 | User: admin
[2025-04-04 05:48:35] Erro PHP [8192]: htmlspecialchars(): Passing null to parameter #1 ($string) of type string is deprecated em C:\xampp\htdocs\eskort\Site\index.php:190 | IP: ::1 | User: admin
[2025-04-04 05:48:35] Erro PHP [8192]: htmlspecialchars(): Passing null to parameter #1 ($string) of type string is deprecated em C:\xampp\htdocs\eskort\Site\index.php:190 | IP: ::1 | User: admin
[2025-04-04 05:48:35] Erro PHP [8192]: htmlspecialchars(): Passing null to parameter #1 ($string) of type string is deprecated em C:\xampp\htdocs\eskort\Site\index.php:190 | IP: ::1 | User: admin
[2025-04-04 05:48:35] Erro PHP [8192]: htmlspecialchars(): Passing null to parameter #1 ($string) of type string is deprecated em C:\xampp\htdocs\eskort\Site\index.php:190 | IP: ::1 | User: admin
[2025-04-04 05:48:35] Erro PHP [8192]: htmlspecialchars(): Passing null to parameter #1 ($string) of type string is deprecated em C:\xampp\htdocs\eskort\Site\index.php:190 | IP: ::1 | User: admin
[2025-04-04 05:48:35] Erro PHP [8192]: htmlspecialchars(): Passing null to parameter #1 ($string) of type string is deprecated em C:\xampp\htdocs\eskort\Site\index.php:190 | IP: ::1 | User: admin
[2025-04-04 05:48:35] Erro PHP [8192]: htmlspecialchars(): Passing null to parameter #1 ($string) of type string is deprecated em C:\xampp\htdocs\eskort\Site\index.php:190 | IP: ::1 | User: admin
[2025-04-04 05:48:35] Erro PHP [8192]: htmlspecialchars(): Passing null to parameter #1 ($string) of type string is deprecated em C:\xampp\htdocs\eskort\Site\index.php:190 | IP: ::1 | User: admin
[2025-04-04 05:48:35] Erro PHP [8192]: htmlspecialchars(): Passing null to parameter #1 ($string) of type string is deprecated em C:\xampp\htdocs\eskort\Site\index.php:190 | IP: ::1 | User: admin
[2025-04-04 05:48:35] Erro PHP [8192]: htmlspecialchars(): Passing null to parameter #1 ($string) of type string is deprecated em C:\xampp\htdocs\eskort\Site\index.php:190 | IP: ::1 | User: admin
[2025-04-04 05:48:35] Erro PHP [8192]: htmlspecialchars(): Passing null to parameter #1 ($string) of type string is deprecated em C:\xampp\htdocs\eskort\Site\index.php:190 | IP: ::1 | User: admin
[2025-04-04 05:48:35] Erro PHP [8192]: htmlspecialchars(): Passing null to parameter #1 ($string) of type string is deprecated em C:\xampp\htdocs\eskort\Site\index.php:190 | IP: ::1 | User: admin
[2025-04-04 05:48:35] Erro PHP [8192]: htmlspecialchars(): Passing null to parameter #1 ($string) of type string is deprecated em C:\xampp\htdocs\eskort\Site\index.php:190 | IP: ::1 | User: admin
[2025-04-04 05:48:35] Erro PHP [8192]: htmlspecialchars(): Passing null to parameter #1 ($string) of type string is deprecated em C:\xampp\htdocs\eskort\Site\index.php:190 | IP: ::1 | User: admin
[2025-04-04 05:48:35] Erro PHP [8192]: htmlspecialchars(): Passing null to parameter #1 ($string) of type string is deprecated em C:\xampp\htdocs\eskort\Site\index.php:190 | IP: ::1 | User: admin
[2025-04-04 05:48:35] Erro PHP [8192]: htmlspecialchars(): Passing null to parameter #1 ($string) of type string is deprecated em C:\xampp\htdocs\eskort\Site\index.php:190 | IP: ::1 | User: admin
[2025-04-04 05:48:35] Erro PHP [8192]: htmlspecialchars(): Passing null to parameter #1 ($string) of type string is deprecated em C:\xampp\htdocs\eskort\Site\index.php:190 | IP: ::1 | User: admin
[2025-04-04 05:48:35] Erro PHP [8192]: htmlspecialchars(): Passing null to parameter #1 ($string) of type string is deprecated em C:\xampp\htdocs\eskort\Site\index.php:190 | IP: ::1 | User: admin
[2025-04-04 05:48:35] Erro PHP [8192]: htmlspecialchars(): Passing null to parameter #1 ($string) of type string is deprecated em C:\xampp\htdocs\eskort\Site\index.php:190 | IP: ::1 | User: admin
[2025-04-04 05:48:35] Exceção: Unknown column 'e.online' in 'where clause' em C:\xampp\htdocs\eskort\Site\admin.php:56 | IP: ::1 | User: admin
[2025-04-04 05:49:29] Exceção: Unknown column 'e.online' in 'where clause' em C:\xampp\htdocs\eskort\Site\admin.php:56 | IP: ::1 | User: admin
[2025-04-04 05:49:30] Erro PHP [8192]: htmlspecialchars(): Passing null to parameter #1 ($string) of type string is deprecated em C:\xampp\htdocs\eskort\Site\index.php:190 | IP: ::1 | User: admin
[2025-04-04 05:49:30] Erro PHP [8192]: htmlspecialchars(): Passing null to parameter #1 ($string) of type string is deprecated em C:\xampp\htdocs\eskort\Site\index.php:190 | IP: ::1 | User: admin
[2025-04-04 05:49:30] Erro PHP [8192]: htmlspecialchars(): Passing null to parameter #1 ($string) of type string is deprecated em C:\xampp\htdocs\eskort\Site\index.php:190 | IP: ::1 | User: admin
[2025-04-04 05:49:30] Erro PHP [8192]: htmlspecialchars(): Passing null to parameter #1 ($string) of type string is deprecated em C:\xampp\htdocs\eskort\Site\index.php:190 | IP: ::1 | User: admin
[2025-04-04 05:49:30] Erro PHP [8192]: htmlspecialchars(): Passing null to parameter #1 ($string) of type string is deprecated em C:\xampp\htdocs\eskort\Site\index.php:190 | IP: ::1 | User: admin
[2025-04-04 05:49:30] Erro PHP [8192]: htmlspecialchars(): Passing null to parameter #1 ($string) of type string is deprecated em C:\xampp\htdocs\eskort\Site\index.php:190 | IP: ::1 | User: admin
[2025-04-04 05:49:30] Erro PHP [8192]: htmlspecialchars(): Passing null to parameter #1 ($string) of type string is deprecated em C:\xampp\htdocs\eskort\Site\index.php:190 | IP: ::1 | User: admin
[2025-04-04 05:49:30] Erro PHP [8192]: htmlspecialchars(): Passing null to parameter #1 ($string) of type string is deprecated em C:\xampp\htdocs\eskort\Site\index.php:190 | IP: ::1 | User: admin
[2025-04-04 05:49:30] Erro PHP [8192]: htmlspecialchars(): Passing null to parameter #1 ($string) of type string is deprecated em C:\xampp\htdocs\eskort\Site\index.php:190 | IP: ::1 | User: admin
[2025-04-04 05:49:30] Erro PHP [8192]: htmlspecialchars(): Passing null to parameter #1 ($string) of type string is deprecated em C:\xampp\htdocs\eskort\Site\index.php:190 | IP: ::1 | User: admin
[2025-04-04 05:49:30] Erro PHP [8192]: htmlspecialchars(): Passing null to parameter #1 ($string) of type string is deprecated em C:\xampp\htdocs\eskort\Site\index.php:190 | IP: ::1 | User: admin
[2025-04-04 05:49:30] Erro PHP [8192]: htmlspecialchars(): Passing null to parameter #1 ($string) of type string is deprecated em C:\xampp\htdocs\eskort\Site\index.php:190 | IP: ::1 | User: admin
[2025-04-04 05:49:30] Erro PHP [8192]: htmlspecialchars(): Passing null to parameter #1 ($string) of type string is deprecated em C:\xampp\htdocs\eskort\Site\index.php:190 | IP: ::1 | User: admin
[2025-04-04 05:49:30] Erro PHP [8192]: htmlspecialchars(): Passing null to parameter #1 ($string) of type string is deprecated em C:\xampp\htdocs\eskort\Site\index.php:190 | IP: ::1 | User: admin
[2025-04-04 05:49:30] Erro PHP [8192]: htmlspecialchars(): Passing null to parameter #1 ($string) of type string is deprecated em C:\xampp\htdocs\eskort\Site\index.php:190 | IP: ::1 | User: admin
[2025-04-04 05:49:30] Erro PHP [8192]: htmlspecialchars(): Passing null to parameter #1 ($string) of type string is deprecated em C:\xampp\htdocs\eskort\Site\index.php:190 | IP: ::1 | User: admin
[2025-04-04 05:49:30] Erro PHP [8192]: htmlspecialchars(): Passing null to parameter #1 ($string) of type string is deprecated em C:\xampp\htdocs\eskort\Site\index.php:190 | IP: ::1 | User: admin
[2025-04-04 05:49:30] Erro PHP [8192]: htmlspecialchars(): Passing null to parameter #1 ($string) of type string is deprecated em C:\xampp\htdocs\eskort\Site\index.php:190 | IP: ::1 | User: admin
[2025-04-04 05:49:30] Erro PHP [8192]: htmlspecialchars(): Passing null to parameter #1 ($string) of type string is deprecated em C:\xampp\htdocs\eskort\Site\index.php:190 | IP: ::1 | User: admin
[2025-04-04 05:49:30] Erro PHP [8192]: htmlspecialchars(): Passing null to parameter #1 ($string) of type string is deprecated em C:\xampp\htdocs\eskort\Site\index.php:190 | IP: ::1 | User: admin
[2025-04-04 05:49:30] Erro PHP [8192]: htmlspecialchars(): Passing null to parameter #1 ($string) of type string is deprecated em C:\xampp\htdocs\eskort\Site\index.php:190 | IP: ::1 | User: admin
[2025-04-04 05:49:30] Erro PHP [8192]: htmlspecialchars(): Passing null to parameter #1 ($string) of type string is deprecated em C:\xampp\htdocs\eskort\Site\index.php:190 | IP: ::1 | User: admin
[2025-04-04 05:49:30] Erro PHP [8192]: htmlspecialchars(): Passing null to parameter #1 ($string) of type string is deprecated em C:\xampp\htdocs\eskort\Site\index.php:190 | IP: ::1 | User: admin
[2025-04-04 05:49:30] Erro PHP [8192]: htmlspecialchars(): Passing null to parameter #1 ($string) of type string is deprecated em C:\xampp\htdocs\eskort\Site\index.php:190 | IP: ::1 | User: admin
[2025-04-04 05:49:32] Erro PHP [8192]: htmlspecialchars(): Passing null to parameter #1 ($string) of type string is deprecated em C:\xampp\htdocs\eskort\Site\index.php:190 | IP: ::1 | User: admin
[2025-04-04 05:49:32] Erro PHP [8192]: htmlspecialchars(): Passing null to parameter #1 ($string) of type string is deprecated em C:\xampp\htdocs\eskort\Site\index.php:190 | IP: ::1 | User: admin
[2025-04-04 05:49:32] Erro PHP [8192]: htmlspecialchars(): Passing null to parameter #1 ($string) of type string is deprecated em C:\xampp\htdocs\eskort\Site\index.php:190 | IP: ::1 | User: admin
[2025-04-04 05:49:32] Erro PHP [8192]: htmlspecialchars(): Passing null to parameter #1 ($string) of type string is deprecated em C:\xampp\htdocs\eskort\Site\index.php:190 | IP: ::1 | User: admin
[2025-04-04 05:49:32] Erro PHP [8192]: htmlspecialchars(): Passing null to parameter #1 ($string) of type string is deprecated em C:\xampp\htdocs\eskort\Site\index.php:190 | IP: ::1 | User: admin
[2025-04-04 05:49:32] Erro PHP [8192]: htmlspecialchars(): Passing null to parameter #1 ($string) of type string is deprecated em C:\xampp\htdocs\eskort\Site\index.php:190 | IP: ::1 | User: admin
[2025-04-04 05:49:32] Erro PHP [8192]: htmlspecialchars(): Passing null to parameter #1 ($string) of type string is deprecated em C:\xampp\htdocs\eskort\Site\index.php:190 | IP: ::1 | User: admin
[2025-04-04 05:49:32] Erro PHP [8192]: htmlspecialchars(): Passing null to parameter #1 ($string) of type string is deprecated em C:\xampp\htdocs\eskort\Site\index.php:190 | IP: ::1 | User: admin
[2025-04-04 05:49:32] Erro PHP [8192]: htmlspecialchars(): Passing null to parameter #1 ($string) of type string is deprecated em C:\xampp\htdocs\eskort\Site\index.php:190 | IP: ::1 | User: admin
[2025-04-04 05:49:32] Erro PHP [8192]: htmlspecialchars(): Passing null to parameter #1 ($string) of type string is deprecated em C:\xampp\htdocs\eskort\Site\index.php:190 | IP: ::1 | User: admin
[2025-04-04 05:49:32] Erro PHP [8192]: htmlspecialchars(): Passing null to parameter #1 ($string) of type string is deprecated em C:\xampp\htdocs\eskort\Site\index.php:190 | IP: ::1 | User: admin
[2025-04-04 05:49:32] Erro PHP [8192]: htmlspecialchars(): Passing null to parameter #1 ($string) of type string is deprecated em C:\xampp\htdocs\eskort\Site\index.php:190 | IP: ::1 | User: admin
[2025-04-04 05:49:32] Erro PHP [8192]: htmlspecialchars(): Passing null to parameter #1 ($string) of type string is deprecated em C:\xampp\htdocs\eskort\Site\index.php:190 | IP: ::1 | User: admin
[2025-04-04 05:49:32] Erro PHP [8192]: htmlspecialchars(): Passing null to parameter #1 ($string) of type string is deprecated em C:\xampp\htdocs\eskort\Site\index.php:190 | IP: ::1 | User: admin
[2025-04-04 05:49:32] Erro PHP [8192]: htmlspecialchars(): Passing null to parameter #1 ($string) of type string is deprecated em C:\xampp\htdocs\eskort\Site\index.php:190 | IP: ::1 | User: admin
[2025-04-04 05:49:32] Erro PHP [8192]: htmlspecialchars(): Passing null to parameter #1 ($string) of type string is deprecated em C:\xampp\htdocs\eskort\Site\index.php:190 | IP: ::1 | User: admin
[2025-04-04 05:49:32] Erro PHP [8192]: htmlspecialchars(): Passing null to parameter #1 ($string) of type string is deprecated em C:\xampp\htdocs\eskort\Site\index.php:190 | IP: ::1 | User: admin
[2025-04-04 05:49:32] Erro PHP [8192]: htmlspecialchars(): Passing null to parameter #1 ($string) of type string is deprecated em C:\xampp\htdocs\eskort\Site\index.php:190 | IP: ::1 | User: admin
[2025-04-04 05:49:32] Erro PHP [8192]: htmlspecialchars(): Passing null to parameter #1 ($string) of type string is deprecated em C:\xampp\htdocs\eskort\Site\index.php:190 | IP: ::1 | User: admin
[2025-04-04 05:49:32] Erro PHP [8192]: htmlspecialchars(): Passing null to parameter #1 ($string) of type string is deprecated em C:\xampp\htdocs\eskort\Site\index.php:190 | IP: ::1 | User: admin
[2025-04-04 05:49:32] Erro PHP [8192]: htmlspecialchars(): Passing null to parameter #1 ($string) of type string is deprecated em C:\xampp\htdocs\eskort\Site\index.php:190 | IP: ::1 | User: admin
[2025-04-04 05:49:32] Erro PHP [8192]: htmlspecialchars(): Passing null to parameter #1 ($string) of type string is deprecated em C:\xampp\htdocs\eskort\Site\index.php:190 | IP: ::1 | User: admin
[2025-04-04 05:49:32] Erro PHP [8192]: htmlspecialchars(): Passing null to parameter #1 ($string) of type string is deprecated em C:\xampp\htdocs\eskort\Site\index.php:190 | IP: ::1 | User: admin
[2025-04-04 05:49:32] Erro PHP [8192]: htmlspecialchars(): Passing null to parameter #1 ($string) of type string is deprecated em C:\xampp\htdocs\eskort\Site\index.php:190 | IP: ::1 | User: admin
[2025-04-04 05:54:09] Exceção: Unknown column 'e.online' in 'where clause' em C:\xampp\htdocs\eskort\Site\index.php:56 | IP: ::1 | User: admin
[2025-04-04 05:54:14] Exceção: Unknown column 'e.online' in 'where clause' em C:\xampp\htdocs\eskort\Site\index.php:56 | IP: ::1 | User: admin
[2025-04-04 05:54:17] Exceção: Unknown column 'e.online' in 'where clause' em C:\xampp\htdocs\eskort\Site\admin.php:56 | IP: ::1 | User: admin
[2025-04-04 06:01:04] Exceção: Unknown column 'e.online' in 'where clause' em C:\xampp\htdocs\eskort\Site\admin.php:56 | IP: ::1 | User: admin
[2025-04-04 06:04:45] Exceção: Unknown column 'e.online' in 'where clause' em C:\xampp\htdocs\eskort\Site\index.php:56 | IP: ::1 | User: admin
[2025-04-04 06:04:47] Exceção: Unknown column 'e.online' in 'where clause' em C:\xampp\htdocs\eskort\Site\admin.php:56 | IP: ::1 | User: admin
[2025-04-04 06:04:56] Exceção: mysqli_stmt::bind_param(): Argument #23 cannot be passed by reference em C:\xampp\htdocs\eskort\Site\edit_escort.php:99 | IP: ::1 | User: admin
[2025-04-04 06:05:51] Exceção: Unknown column 'e.online' in 'where clause' em C:\xampp\htdocs\eskort\Site\admin.php:56 | IP: ::1 | User: admin
[2025-04-04 06:05:54] Exceção: Unknown column 'e.online' in 'where clause' em C:\xampp\htdocs\eskort\Site\admin.php:56 | IP: ::1 | User: admin
[2025-04-04 06:08:48] Exceção: Unknown column 'e.online' in 'where clause' em C:\xampp\htdocs\eskort\Site\admin.php:56 | IP: ::1 | User: admin
[2025-04-04 06:11:25] Exceção: Unknown column 'e.online' in 'where clause' em C:\xampp\htdocs\eskort\Site\admin.php:56 | IP: ::1 | User: admin
[2025-04-04 06:11:56] Erro PHP [8192]: Constant FILTER_SANITIZE_STRING is deprecated em C:\xampp\htdocs\eskort\Site\login.php:10 | IP: ::1 | User: admin
[2025-04-04 06:11:56] Exceção: Unknown column 'e.online' in 'where clause' em C:\xampp\htdocs\eskort\Site\admin.php:56 | IP: ::1 | User: admin
[2025-04-04 06:12:00] Erro PHP [8192]: Constant FILTER_SANITIZE_STRING is deprecated em C:\xampp\htdocs\eskort\Site\login.php:10 | IP: ::1 | User: admin
[2025-04-04 06:12:00] Exceção: Unknown column 'e.online' in 'where clause' em C:\xampp\htdocs\eskort\Site\admin.php:56 | IP: ::1 | User: admin
